<?xml version="1.0" encoding="UTF-8"?>
<!-- Generated by org.testng.reporters.JUnitReportReporter -->
<testsuite skipped="0" hostname="DESKTOP-N8OU8L6" name="com.testers.tests.HomePageTests" tests="1" failures="0" timestamp="2021-06-22T03:35:35 IST" time="11.363" errors="0">
  <testcase name="test3" time="11.363" classname="com.testers.tests.HomePageTests"/>
  <system-out/>
</testsuite> <!-- com.testers.tests.HomePageTests -->
