<?xml version="1.0" encoding="UTF-8"?>
<!-- Generated by org.testng.reporters.JUnitReportReporter -->
<testsuite skipped="0" hostname="DESKTOP-N8OU8L6" name="com.testers.tests.LoginPageTests" tests="2" failures="0" timestamp="2021-06-22T03:35:35 IST" time="23.091" errors="0">
  <testcase name="test1" time="12.305" classname="com.testers.tests.LoginPageTests"/>
  <system-out/>
  <testcase name="test2" time="10.786" classname="com.testers.tests.LoginPageTests"/>
  <system-out/>
</testsuite> <!-- com.testers.tests.LoginPageTests -->
