<?xml version="1.0" encoding="UTF-8"?>
<!-- Generated by org.testng.reporters.JUnitReportReporter -->
<testsuite skipped="0" hostname="DESKTOP-N8OU8L6" name="com.testers.tests.HomePageTests" tests="1" failures="0" timestamp="2021-06-23T15:41:47 IST" time="11.524" errors="0">
  <testcase name="test3" time="11.524" classname="com.testers.tests.HomePageTests"/>
  <system-out/>
</testsuite> <!-- com.testers.tests.HomePageTests -->
