<?xml version="1.0" encoding="UTF-8"?>
<!-- Generated by org.testng.reporters.JUnitReportReporter -->
<testsuite skipped="0" hostname="DESKTOP-N8OU8L6" name="com.testers.tests.OrangeHRMTests" tests="2" failures="0" timestamp="2021-06-26T19:55:48 IST" time="54.585" errors="0">
  <testcase name="LoginLogoutTest" time="30.797" classname="com.testers.tests.OrangeHRMTests"/>
  <system-out/>
  <testcase name="LoginLogoutTest" time="23.788" classname="com.testers.tests.OrangeHRMTests"/>
  <system-out/>
</testsuite> <!-- com.testers.tests.OrangeHRMTests -->
