<?xml version="1.0" encoding="UTF-8"?>
<!-- Generated by org.testng.reporters.JUnitReportReporter -->
<testsuite skipped="0" hostname="DESKTOP-N8OU8L6" name="com.testers.tests.LoginPageTests" tests="2" failures="0" timestamp="2021-06-23T15:41:47 IST" time="33.703" errors="0">
  <testcase name="test1" time="18.070" classname="com.testers.tests.LoginPageTests"/>
  <system-out/>
  <testcase name="test2" time="15.633" classname="com.testers.tests.LoginPageTests"/>
  <system-out/>
</testsuite> <!-- com.testers.tests.LoginPageTests -->
