<?xml version="1.0" encoding="UTF-8"?>
<!-- Generated by org.testng.reporters.JUnitReportReporter -->
<testsuite skipped="0" hostname="DESKTOP-N8OU8L6" name="com.testers.tests.OrangeHRMTests" tests="1" failures="0" timestamp="2021-06-24T08:33:05 IST" time="20.718" errors="0">
  <testcase name="LoginLogoutTest" time="20.718" classname="com.testers.tests.OrangeHRMTests"/>
  <system-out/>
</testsuite> <!-- com.testers.tests.OrangeHRMTests -->
